VERSION 1.1.0 : 2023-10-26 18:55:36 : ===================== RUN =====================
VERSION 1.1.0 : 2023-10-26 18:55:36 : DATASET(S): opus_books, opus_wikipedia
VERSION 1.1.0 : 2023-10-26 18:56:39 : 	RAW COLUMNS: id, en, es
VERSION 1.1.0 : 2023-10-26 18:56:39 : 	RAW ROWS: 3622856
VERSION 1.1.0 : 2023-10-26 18:56:39 : REMOVING: Bad and Short Translations
VERSION 1.1.0 : 2023-10-26 18:57:58 : 	POST-PROCESSING COLUMNS: id, en, es
VERSION 1.1.0 : 2023-10-26 18:57:58 : 	POST-PROCESSING ROWS: 3395761
VERSION 1.1.0 : 2023-10-26 18:58:03 : TRAIN-TEST-VALID SPLIT: 2377032-509365-509364
VERSION 1.1.0 : 2023-10-26 19:06:47 : ===================== RUN =====================
VERSION 1.1.0 : 2023-10-26 19:06:47 : DATASET(S): opus_books, opus_wikipedia
VERSION 1.1.0 : 2023-10-26 19:06:59 : 	RAW COLUMNS: id, en, es
VERSION 1.1.0 : 2023-10-26 19:06:59 : 	RAW ROWS: 1904898
VERSION 1.1.0 : 2023-10-26 19:06:59 : REMOVING: Bad and Short Translations
VERSION 1.1.0 : 2023-10-26 19:07:34 : 	POST-PROCESSING COLUMNS: id, en, es
VERSION 1.1.0 : 2023-10-26 19:07:34 : 	POST-PROCESSING ROWS: 1699661
VERSION 1.1.0 : 2023-10-26 19:07:37 : TRAIN-TEST-VALID SPLIT: 1189762-254950-254949
VERSION 1.1.0 : 2023-10-27 01:52:14 : ===================== RUN =====================
VERSION 1.1.0 : 2023-10-27 01:52:14 : DATASET(S): opus_books, opus_wikipedia
VERSION 1.1.0 : 2023-10-27 01:52:34 : 	RAW COLUMNS: id, en, es
VERSION 1.1.0 : 2023-10-27 01:52:34 : 	RAW ROWS: 1904898
VERSION 1.1.0 : 2023-10-27 01:52:34 : REMOVING: Bad and Short Translations
VERSION 1.1.0 : 2023-10-27 01:53:07 : 	POST-PROCESSING COLUMNS: id, en, es
VERSION 1.1.0 : 2023-10-27 01:53:07 : 	POST-PROCESSING ROWS: 1699661
VERSION 1.1.0 : 2023-10-27 01:53:07 : TRAIN-TEST-VALID SPLIT: 1189762-254950-254949
VERSION 1.1.0 : 2023-10-27 01:54:17 : ===================== RUN =====================
VERSION 1.1.0 : 2023-10-27 01:54:17 : DATASET(S): opus_books, opus_wikipedia
VERSION 1.1.0 : 2023-10-27 01:54:18 : 	RAW COLUMNS: id, en, es
VERSION 1.1.0 : 2023-10-27 01:54:18 : 	RAW ROWS: 100
VERSION 1.1.0 : 2023-10-27 01:54:18 : REMOVING: Bad and Short Translations
VERSION 1.1.0 : 2023-10-27 01:54:18 : 	POST-PROCESSING COLUMNS: id, en, es
VERSION 1.1.0 : 2023-10-27 01:54:18 : 	POST-PROCESSING ROWS: 88
VERSION 1.1.0 : 2023-10-27 01:54:19 : TRAIN-TEST-VALID SPLIT: 61-14-13
VERSION 1.1.0 : 2023-10-27 01:54:29 : ===================== RUN =====================
VERSION 1.1.0 : 2023-10-27 01:54:29 : DATASET(S): opus_books, opus_wikipedia
VERSION 1.1.0 : 2023-10-27 01:54:32 : 	RAW COLUMNS: id, en, es
VERSION 1.1.0 : 2023-10-27 01:54:32 : 	RAW ROWS: 100
VERSION 1.1.0 : 2023-10-27 01:54:32 : REMOVING: Bad and Short Translations
VERSION 1.1.0 : 2023-10-27 01:54:32 : 	POST-PROCESSING COLUMNS: id, en, es
VERSION 1.1.0 : 2023-10-27 01:54:32 : 	POST-PROCESSING ROWS: 88
VERSION 1.1.0 : 2023-10-27 01:54:32 : TRAIN-TEST-VALID SPLIT: 61-14-13
VERSION 1.1.0 : 2023-10-27 01:54:51 : ===================== RUN =====================
VERSION 1.1.0 : 2023-10-27 01:54:51 : DATASET(S): opus_books, opus_wikipedia
VERSION 1.1.0 : 2023-10-27 01:54:53 : 	RAW COLUMNS: id, en, es
VERSION 1.1.0 : 2023-10-27 01:54:53 : 	RAW ROWS: 1904898
VERSION 1.1.0 : 2023-10-27 01:54:53 : REMOVING: Bad and Short Translations
VERSION 1.1.0 : 2023-10-27 01:54:53 : 	POST-PROCESSING COLUMNS: id, en, es
VERSION 1.1.0 : 2023-10-27 01:54:53 : 	POST-PROCESSING ROWS: 1699661
VERSION 1.1.0 : 2023-10-27 01:54:54 : TRAIN-TEST-VALID SPLIT: 1189762-254950-254949
