VERSION 1.0.0 : 2023-10-26 18:04:52 : DATASET(S): opus_books, opus_wikipedia
VERSION 1.0.0 : 2023-10-26 18:06:08 : ===================== RUN =====================
VERSION 1.0.0 : 2023-10-26 18:06:08 : DATASET(S): opus_books, opus_wikipedia
VERSION 1.0.0 : 2023-10-26 18:06:12 : 	RAW COLUMNS: id, en, es
VERSION 1.0.0 : 2023-10-26 18:06:12 : 	RAW ROWS: 186940
VERSION 1.0.0 : 2023-10-26 18:06:12 : REMOVING: Bad and Short Translations
VERSION 1.0.0 : 2023-10-26 18:06:16 : 	POST-PROCESSING COLUMNS: id, en, es
VERSION 1.0.0 : 2023-10-26 18:06:16 : 	POST-PROCESSING ROWS: 177055
VERSION 1.0.0 : 2023-10-26 18:06:44 : ===================== RUN =====================
VERSION 1.0.0 : 2023-10-26 18:06:44 : DATASET(S): opus_books, opus_wikipedia
VERSION 1.0.0 : 2023-10-26 18:06:47 : 	RAW COLUMNS: id, en, es
VERSION 1.0.0 : 2023-10-26 18:06:47 : 	RAW ROWS: 186940
VERSION 1.0.0 : 2023-10-26 18:06:47 : REMOVING: Bad and Short Translations
VERSION 1.0.0 : 2023-10-26 18:06:47 : 	POST-PROCESSING COLUMNS: id, en, es
VERSION 1.0.0 : 2023-10-26 18:06:47 : 	POST-PROCESSING ROWS: 177055
VERSION 1.0.0 : 2023-10-26 18:06:48 : TRAIN-TEST-VALID SPLIT: 700-150-150
VERSION 1.0.0 : 2023-10-26 18:07:47 : ===================== RUN =====================
VERSION 1.0.0 : 2023-10-26 18:07:47 : DATASET(S): opus_books, opus_wikipedia
VERSION 1.0.0 : 2023-10-26 18:07:50 : 	RAW COLUMNS: id, en, es
VERSION 1.0.0 : 2023-10-26 18:07:50 : 	RAW ROWS: 186940
VERSION 1.0.0 : 2023-10-26 18:07:50 : REMOVING: Bad and Short Translations
VERSION 1.0.0 : 2023-10-26 18:07:50 : 	POST-PROCESSING COLUMNS: id, en, es
VERSION 1.0.0 : 2023-10-26 18:07:50 : 	POST-PROCESSING ROWS: 177055
VERSION 1.0.0 : 2023-10-26 18:07:50 : TRAIN-TEST-VALID SPLIT: 700-150-150
VERSION 1.0.0 : 2023-10-26 18:12:46 : ===================== RUN =====================
VERSION 1.0.0 : 2023-10-26 18:12:46 : DATASET(S): opus_books, opus_wikipedia
VERSION 1.0.0 : 2023-10-26 18:12:50 : 	RAW COLUMNS: id, en, es
VERSION 1.0.0 : 2023-10-26 18:12:50 : 	RAW ROWS: 186940
VERSION 1.0.0 : 2023-10-26 18:12:50 : REMOVING: Bad and Short Translations
VERSION 1.0.0 : 2023-10-26 18:12:50 : 	POST-PROCESSING COLUMNS: id, en, es
VERSION 1.0.0 : 2023-10-26 18:12:50 : 	POST-PROCESSING ROWS: 177055
VERSION 1.0.0 : 2023-10-26 18:12:50 : TRAIN-TEST-VALID SPLIT: 700-150-150
VERSION 1.0.0 : 2023-10-26 18:18:49 : ===================== RUN =====================
VERSION 1.0.0 : 2023-10-26 18:18:49 : DATASET(S): opus_books, opus_wikipedia
VERSION 1.0.0 : 2023-10-26 18:18:52 : 	RAW COLUMNS: id, en, es
VERSION 1.0.0 : 2023-10-26 18:18:52 : 	RAW ROWS: 186940
VERSION 1.0.0 : 2023-10-26 18:18:52 : REMOVING: Bad and Short Translations
VERSION 1.0.0 : 2023-10-26 18:18:52 : 	POST-PROCESSING COLUMNS: id, en, es
VERSION 1.0.0 : 2023-10-26 18:18:52 : 	POST-PROCESSING ROWS: 177055
VERSION 1.0.0 : 2023-10-26 18:18:53 : TRAIN-TEST-VALID SPLIT: 700-150-150
VERSION 1.0.0 : 2023-10-26 18:21:04 : ===================== RUN =====================
VERSION 1.0.0 : 2023-10-26 18:21:04 : DATASET(S): opus_books, opus_wikipedia
VERSION 1.0.0 : 2023-10-26 18:21:07 : 	RAW COLUMNS: id, en, es
VERSION 1.0.0 : 2023-10-26 18:21:07 : 	RAW ROWS: 186940
VERSION 1.0.0 : 2023-10-26 18:21:07 : REMOVING: Bad and Short Translations
VERSION 1.0.0 : 2023-10-26 18:21:07 : 	POST-PROCESSING COLUMNS: id, en, es
VERSION 1.0.0 : 2023-10-26 18:21:07 : 	POST-PROCESSING ROWS: 177055
VERSION 1.0.0 : 2023-10-26 18:21:08 : TRAIN-TEST-VALID SPLIT: 700-150-150
VERSION 1.0.0 : 2023-10-26 18:22:48 : ===================== RUN =====================
VERSION 1.0.0 : 2023-10-26 18:22:48 : DATASET(S): opus_books, opus_wikipedia
VERSION 1.0.0 : 2023-10-26 18:22:51 : 	RAW COLUMNS: id, en, es
VERSION 1.0.0 : 2023-10-26 18:22:51 : 	RAW ROWS: 186940
VERSION 1.0.0 : 2023-10-26 18:22:51 : REMOVING: Bad and Short Translations
VERSION 1.0.0 : 2023-10-26 18:22:51 : 	POST-PROCESSING COLUMNS: id, en, es
VERSION 1.0.0 : 2023-10-26 18:22:51 : 	POST-PROCESSING ROWS: 177055
VERSION 1.0.0 : 2023-10-26 18:22:52 : TRAIN-TEST-VALID SPLIT: 700-150-150
VERSION 1.0.0 : 2023-10-26 18:25:10 : ===================== RUN =====================
VERSION 1.0.0 : 2023-10-26 18:25:10 : DATASET(S): opus_books, opus_wikipedia
VERSION 1.0.0 : 2023-10-26 18:25:16 : 	RAW COLUMNS: id, en, es
VERSION 1.0.0 : 2023-10-26 18:25:16 : 	RAW ROWS: 186940
VERSION 1.0.0 : 2023-10-26 18:25:16 : REMOVING: Bad and Short Translations
VERSION 1.0.0 : 2023-10-26 18:25:16 : 	POST-PROCESSING COLUMNS: id, en, es
VERSION 1.0.0 : 2023-10-26 18:25:16 : 	POST-PROCESSING ROWS: 177055
VERSION 1.0.0 : 2023-10-26 18:25:16 : TRAIN-TEST-VALID SPLIT: 700-150-150
VERSION 1.0.0 : 2023-10-26 18:27:21 : ===================== RUN =====================
VERSION 1.0.0 : 2023-10-26 18:27:21 : DATASET(S): opus_books, opus_wikipedia
VERSION 1.0.0 : 2023-10-26 18:27:24 : 	RAW COLUMNS: id, en, es
VERSION 1.0.0 : 2023-10-26 18:27:24 : 	RAW ROWS: 186940
VERSION 1.0.0 : 2023-10-26 18:27:24 : REMOVING: Bad and Short Translations
VERSION 1.0.0 : 2023-10-26 18:27:24 : 	POST-PROCESSING COLUMNS: id, en, es
VERSION 1.0.0 : 2023-10-26 18:27:24 : 	POST-PROCESSING ROWS: 177055
VERSION 1.0.0 : 2023-10-26 18:27:25 : TRAIN-TEST-VALID SPLIT: 700-150-150
VERSION 1.0.0 : 2023-10-26 18:27:39 : ===================== RUN =====================
VERSION 1.0.0 : 2023-10-26 18:27:39 : DATASET(S): opus_books, opus_wikipedia
VERSION 1.0.0 : 2023-10-26 18:27:43 : 	RAW COLUMNS: id, en, es
VERSION 1.0.0 : 2023-10-26 18:27:43 : 	RAW ROWS: 186940
VERSION 1.0.0 : 2023-10-26 18:27:43 : REMOVING: Bad and Short Translations
VERSION 1.0.0 : 2023-10-26 18:27:43 : 	POST-PROCESSING COLUMNS: id, en, es
VERSION 1.0.0 : 2023-10-26 18:27:43 : 	POST-PROCESSING ROWS: 177055
VERSION 1.0.0 : 2023-10-26 18:27:43 : TRAIN-TEST-VALID SPLIT: 700-150-150
VERSION 1.0.0 : 2023-10-26 18:28:17 : ===================== RUN =====================
VERSION 1.0.0 : 2023-10-26 18:28:17 : DATASET(S): opus_books, opus_wikipedia
VERSION 1.0.0 : 2023-10-26 18:28:20 : 	RAW COLUMNS: id, en, es
VERSION 1.0.0 : 2023-10-26 18:28:20 : 	RAW ROWS: 186940
VERSION 1.0.0 : 2023-10-26 18:28:20 : REMOVING: Bad and Short Translations
VERSION 1.0.0 : 2023-10-26 18:28:20 : 	POST-PROCESSING COLUMNS: id, en, es
VERSION 1.0.0 : 2023-10-26 18:28:20 : 	POST-PROCESSING ROWS: 177055
VERSION 1.0.0 : 2023-10-26 18:28:20 : TRAIN-TEST-VALID SPLIT: 700-150-150
VERSION 1.0.0 : 2023-10-26 18:34:10 : ===================== RUN =====================
VERSION 1.0.0 : 2023-10-26 18:34:10 : DATASET(S): opus_books, opus_wikipedia
VERSION 1.0.0 : 2023-10-26 18:34:13 : 	RAW COLUMNS: id, en, es
VERSION 1.0.0 : 2023-10-26 18:34:13 : 	RAW ROWS: 186940
VERSION 1.0.0 : 2023-10-26 18:34:13 : REMOVING: Bad and Short Translations
VERSION 1.0.0 : 2023-10-26 18:34:13 : 	POST-PROCESSING COLUMNS: id, en, es
VERSION 1.0.0 : 2023-10-26 18:34:13 : 	POST-PROCESSING ROWS: 177055
VERSION 1.0.0 : 2023-10-26 18:34:13 : TRAIN-TEST-VALID SPLIT: 700-150-150
VERSION 1.0.0 : 2023-10-26 18:34:43 : ===================== RUN =====================
VERSION 1.0.0 : 2023-10-26 18:34:43 : DATASET(S): opus_books, opus_wikipedia
VERSION 1.0.0 : 2023-10-26 18:34:46 : 	RAW COLUMNS: id, en, es
VERSION 1.0.0 : 2023-10-26 18:34:46 : 	RAW ROWS: 186940
VERSION 1.0.0 : 2023-10-26 18:34:46 : REMOVING: Bad and Short Translations
VERSION 1.0.0 : 2023-10-26 18:34:46 : 	POST-PROCESSING COLUMNS: id, en, es
VERSION 1.0.0 : 2023-10-26 18:34:46 : 	POST-PROCESSING ROWS: 177055
VERSION 1.0.0 : 2023-10-26 18:34:46 : TRAIN-TEST-VALID SPLIT: 700-150-150
VERSION 1.0.0 : 2023-10-26 18:35:06 : ===================== RUN =====================
VERSION 1.0.0 : 2023-10-26 18:35:06 : DATASET(S): opus_books, opus_wikipedia
VERSION 1.0.0 : 2023-10-26 18:35:09 : 	RAW COLUMNS: id, en, es
VERSION 1.0.0 : 2023-10-26 18:35:09 : 	RAW ROWS: 186940
VERSION 1.0.0 : 2023-10-26 18:35:09 : REMOVING: Bad and Short Translations
VERSION 1.0.0 : 2023-10-26 18:35:09 : 	POST-PROCESSING COLUMNS: id, en, es
VERSION 1.0.0 : 2023-10-26 18:35:09 : 	POST-PROCESSING ROWS: 177055
VERSION 1.0.0 : 2023-10-26 18:35:10 : TRAIN-TEST-VALID SPLIT: 700-150-150
VERSION 1.0.0 : 2023-10-26 18:35:47 : ===================== RUN =====================
VERSION 1.0.0 : 2023-10-26 18:35:47 : DATASET(S): opus_books, opus_wikipedia
VERSION 1.0.0 : 2023-10-26 18:35:50 : 	RAW COLUMNS: id, en, es
VERSION 1.0.0 : 2023-10-26 18:35:50 : 	RAW ROWS: 186940
VERSION 1.0.0 : 2023-10-26 18:35:50 : REMOVING: Bad and Short Translations
VERSION 1.0.0 : 2023-10-26 18:35:54 : 	POST-PROCESSING COLUMNS: id, en, es
VERSION 1.0.0 : 2023-10-26 18:35:54 : 	POST-PROCESSING ROWS: 177055
VERSION 1.0.0 : 2023-10-26 18:35:54 : TRAIN-TEST-VALID SPLIT: 700-150-150
VERSION 1.0.0 : 2023-10-26 18:36:18 : ===================== RUN =====================
VERSION 1.0.0 : 2023-10-26 18:36:18 : DATASET(S): opus_books, opus_wikipedia
VERSION 1.0.0 : 2023-10-26 18:36:21 : 	RAW COLUMNS: id, en, es
VERSION 1.0.0 : 2023-10-26 18:36:21 : 	RAW ROWS: 186940
VERSION 1.0.0 : 2023-10-26 18:36:21 : REMOVING: Bad and Short Translations
VERSION 1.0.0 : 2023-10-26 18:36:21 : 	POST-PROCESSING COLUMNS: id, en, es
VERSION 1.0.0 : 2023-10-26 18:36:21 : 	POST-PROCESSING ROWS: 177055
VERSION 1.0.0 : 2023-10-26 18:36:22 : TRAIN-TEST-VALID SPLIT: 700-150-150
VERSION 1.0.0 : 2023-10-26 18:36:58 : ===================== RUN =====================
VERSION 1.0.0 : 2023-10-26 18:36:58 : DATASET(S): opus_books, opus_wikipedia
VERSION 1.0.0 : 2023-10-26 18:37:01 : 	RAW COLUMNS: id, en, es
VERSION 1.0.0 : 2023-10-26 18:37:01 : 	RAW ROWS: 186940
VERSION 1.0.0 : 2023-10-26 18:37:01 : REMOVING: Bad and Short Translations
VERSION 1.0.0 : 2023-10-26 18:37:01 : 	POST-PROCESSING COLUMNS: id, en, es
VERSION 1.0.0 : 2023-10-26 18:37:01 : 	POST-PROCESSING ROWS: 177055
VERSION 1.0.0 : 2023-10-26 18:37:01 : TRAIN-TEST-VALID SPLIT: 700-150-150
VERSION 1.0.0 : 2023-10-26 18:37:47 : ===================== RUN =====================
VERSION 1.0.0 : 2023-10-26 18:37:47 : DATASET(S): opus_books, opus_wikipedia
VERSION 1.0.0 : 2023-10-26 18:37:50 : 	RAW COLUMNS: id, en, es
VERSION 1.0.0 : 2023-10-26 18:37:50 : 	RAW ROWS: 186940
VERSION 1.0.0 : 2023-10-26 18:37:50 : REMOVING: Bad and Short Translations
VERSION 1.0.0 : 2023-10-26 18:37:50 : 	POST-PROCESSING COLUMNS: id, en, es
VERSION 1.0.0 : 2023-10-26 18:37:50 : 	POST-PROCESSING ROWS: 177055
VERSION 1.0.0 : 2023-10-26 18:37:50 : TRAIN-TEST-VALID SPLIT: 700-150-150
VERSION 1.0.0 : 2023-10-26 18:38:33 : ===================== RUN =====================
VERSION 1.0.0 : 2023-10-26 18:38:33 : DATASET(S): opus_books, opus_wikipedia
VERSION 1.0.0 : 2023-10-26 18:38:36 : 	RAW COLUMNS: id, en, es
VERSION 1.0.0 : 2023-10-26 18:38:36 : 	RAW ROWS: 186940
VERSION 1.0.0 : 2023-10-26 18:38:36 : REMOVING: Bad and Short Translations
VERSION 1.0.0 : 2023-10-26 18:38:36 : 	POST-PROCESSING COLUMNS: id, en, es
VERSION 1.0.0 : 2023-10-26 18:38:36 : 	POST-PROCESSING ROWS: 177055
VERSION 1.0.0 : 2023-10-26 18:38:36 : TRAIN-TEST-VALID SPLIT: 700-150-150
VERSION 1.0.0 : 2023-10-26 18:43:12 : ===================== RUN =====================
VERSION 1.0.0 : 2023-10-26 18:43:12 : DATASET(S): opus_books, opus_wikipedia
VERSION 1.0.0 : 2023-10-26 18:43:23 : 	RAW COLUMNS: id, en, es
VERSION 1.0.0 : 2023-10-26 18:43:23 : 	RAW ROWS: 186940
VERSION 1.0.0 : 2023-10-26 18:43:23 : REMOVING: Bad and Short Translations
VERSION 1.0.0 : 2023-10-26 18:43:23 : 	POST-PROCESSING COLUMNS: id, en, es
VERSION 1.0.0 : 2023-10-26 18:43:23 : 	POST-PROCESSING ROWS: 177055
VERSION 1.0.0 : 2023-10-26 18:43:24 : TRAIN-TEST-VALID SPLIT: 700-150-150
