VERSION 1.1.2 : 2023-10-23 21:36:06 : ===================== RUN =====================
VERSION 1.1.2 : 2023-10-23 21:36:06 : MODEL: google/mt5-small
VERSION 1.1.2 : 2023-10-23 21:36:23 : TASK: English to Spanish
VERSION 1.1.2 : 2023-10-23 21:36:23 : DATASET(S): opus_books, opus_wikipedia
VERSION 1.1.2 : 2023-10-23 21:51:47 : Model finetuning started...
VERSION 1.1.2 : 2023-10-23 21:51:47 : HYPERPARAMETERS:
VERSION 1.1.2 : 2023-10-23 21:51:47 : 	EPOCHS: 2
VERSION 1.1.2 : 2023-10-23 22:12:30 : ===================== RUN =====================
VERSION 1.1.2 : 2023-10-23 22:12:30 : MODEL: google/mt5-small
VERSION 1.1.2 : 2023-10-23 22:12:50 : TASK: English to Spanish
VERSION 1.1.2 : 2023-10-23 22:12:50 : DATASET(S): opus_books, opus_wikipedia
VERSION 1.1.2 : 2023-10-23 22:28:10 : Model finetuning started...
VERSION 1.1.2 : 2023-10-23 22:28:10 : HYPERPARAMETERS:
VERSION 1.1.2 : 2023-10-23 22:28:10 : 	EPOCHS: 2
VERSION 1.1.2 : 2023-10-23 22:28:10 : 	BATCH SIZE: 16
VERSION 1.1.2 : 2023-10-23 22:28:10 : 	LEARNING RATE: 4e-05
VERSION 1.1.2 : 2023-10-23 22:28:10 : 	TRAINING SIZE: 1333428
VERSION 1.1.2 : 2023-10-23 22:28:10 : 	VALIDATION SIZE: 285735
VERSION 1.1.2 : 2023-10-23 22:28:10 : 	TESTING SIZE: 285735
VERSION 1.1.2 : 2023-10-23 22:28:10 : 	EVALUATION METRIC: sacrebleu using score
VERSION 1.1.2 : 2023-10-23 23:18:45 : PRE-EVALUATION (VALIDATION): {'eval_loss': 59.048606872558594, 'eval_sacrebleu_score': 0.010059400126983102, 'eval_runtime': 3027.9264, 'eval_samples_per_second': 94.367, 'eval_steps_per_second': 5.898}
VERSION 1.1.2 : 2023-10-23 23:18:45 : FINE-TUNING
VERSION 1.1.2 : 2023-10-25 03:13:58 : POST-EVALUATION (VALIDATION): {'eval_loss': 0.2041432410478592, 'eval_sacrebleu_score': 51.78137577612541, 'eval_runtime': 24085.3136, 'eval_samples_per_second': 11.863, 'eval_steps_per_second': 0.741, 'epoch': 2.0}
