VERSION 1.0.8 : 2023-10-19 17:14:24 : ===================== RUN =====================
VERSION 1.0.8 : 2023-10-19 17:14:24 : MODEL: google/mt5-small
VERSION 1.0.8 : 2023-10-19 17:14:48 : TASK: Spanish to Nahuatl
VERSION 1.0.8 : 2023-10-19 17:14:48 : DATASET: hackathon-pln-es/Axolotl-Spanish-Nahuatl
VERSION 1.0.8 : 2023-10-19 17:15:08 : Model finetuning started...
VERSION 1.0.8 : 2023-10-19 17:16:08 : PRE-EVALUATION: {'eval_loss': 49.23505783081055, 'eval_score': 0.012329590439627326, 'eval_counts': [1679, 12, 7, 3], 'eval_totals': [23310, 20306, 17302, 14298], 'eval_precisions': [7.202917202917203, 0.059095833743721064, 0.04045775054906947, 0.0209819555182543], 'eval_bp': 0.08942735901865709, 'eval_sys_len': 23310, 'eval_ref_len': 79588, 'eval_runtime': 50.8069, 'eval_samples_per_second': 59.126, 'eval_steps_per_second': 7.401}
VERSION 1.0.8 : 2023-10-19 17:16:08 : FINE-TUNING
VERSION 1.0.8 : 2023-10-19 19:42:12 : ===================== RUN =====================
VERSION 1.0.8 : 2023-10-19 19:42:12 : MODEL: google/mt5-small
VERSION 1.0.8 : 2023-10-19 19:42:35 : TASK: Spanish to Nahuatl
VERSION 1.0.8 : 2023-10-19 19:42:35 : DATASET: hackathon-pln-es/Axolotl-Spanish-Nahuatl
VERSION 1.0.8 : 2023-10-19 19:42:53 : Model finetuning started...
VERSION 1.0.8 : 2023-10-19 19:48:49 : ===================== RUN =====================
VERSION 1.0.8 : 2023-10-19 19:48:49 : MODEL: google/mt5-small
VERSION 1.0.8 : 2023-10-19 19:48:57 : TASK: Spanish to Nahuatl
VERSION 1.0.8 : 2023-10-19 19:48:57 : DATASET: hackathon-pln-es/Axolotl-Spanish-Nahuatl
VERSION 1.0.8 : 2023-10-19 19:49:14 : Model finetuning started...
VERSION 1.0.8 : 2023-10-19 19:50:53 : ===================== RUN =====================
VERSION 1.0.8 : 2023-10-19 19:50:53 : MODEL: google/mt5-small
VERSION 1.0.8 : 2023-10-19 19:51:02 : TASK: Spanish to Nahuatl
VERSION 1.0.8 : 2023-10-19 19:51:02 : DATASET: hackathon-pln-es/Axolotl-Spanish-Nahuatl
VERSION 1.0.8 : 2023-10-19 19:51:20 : Model finetuning started...
VERSION 1.0.8 : 2023-10-19 19:52:52 : ===================== RUN =====================
VERSION 1.0.8 : 2023-10-19 19:52:53 : MODEL: google/mt5-small
VERSION 1.0.8 : 2023-10-19 19:53:03 : TASK: Spanish to Nahuatl
VERSION 1.0.8 : 2023-10-19 19:53:03 : DATASET: hackathon-pln-es/Axolotl-Spanish-Nahuatl
VERSION 1.0.8 : 2023-10-19 19:53:18 : Model finetuning started...
VERSION 1.0.8 : 2023-10-19 19:54:17 : PRE-EVALUATION: {'eval_loss': 49.02634048461914, 'eval_sacrebleu_score': 0.005420510935583468, 'eval_runtime': 54.4326, 'eval_samples_per_second': 55.187, 'eval_steps_per_second': 6.908}
VERSION 1.0.8 : 2023-10-19 19:54:17 : FINE-TUNING
VERSION 1.0.8 : 2023-10-23 00:16:50 : ===================== RUN =====================
VERSION 1.0.8 : 2023-10-23 00:16:50 : MODEL: google/mt5-small
VERSION 1.0.8 : 2023-10-23 00:16:57 : TASK: Spanish to Nahuatl
VERSION 1.0.8 : 2023-10-23 00:16:57 : DATASET(S): hackathon-pln-es/Axolotl-Spanish-Nahuatl
VERSION 1.0.8 : 2023-10-23 00:18:09 : ===================== RUN =====================
VERSION 1.0.8 : 2023-10-23 00:18:09 : MODEL: google/mt5-small
VERSION 1.0.8 : 2023-10-23 00:18:14 : TASK: Spanish to Nahuatl
VERSION 1.0.8 : 2023-10-23 00:18:14 : DATASET(S): hackathon-pln-es/Axolotl-Spanish-Nahuatl
VERSION 1.0.8 : 2023-10-23 00:18:32 : Model finetuning started...
VERSION 1.0.8 : 2023-10-23 00:19:19 : ===================== RUN =====================
VERSION 1.0.8 : 2023-10-23 00:19:20 : MODEL: google/mt5-small
VERSION 1.0.8 : 2023-10-23 00:19:24 : TASK: Spanish to Nahuatl
VERSION 1.0.8 : 2023-10-23 00:19:24 : DATASET(S): opus_books, opus_wikipedia
VERSION 1.0.8 : 2023-10-23 00:19:44 : ===================== RUN =====================
VERSION 1.0.8 : 2023-10-23 00:19:44 : MODEL: google/mt5-small
VERSION 1.0.8 : 2023-10-23 00:19:48 : TASK: Spanish to Nahuatl
VERSION 1.0.8 : 2023-10-23 00:19:48 : DATASET(S): opus_books, opus_wikipedia
VERSION 1.0.8 : 2023-10-23 00:20:40 : ===================== RUN =====================
VERSION 1.0.8 : 2023-10-23 00:20:40 : MODEL: google/mt5-small
VERSION 1.0.8 : 2023-10-23 00:20:44 : TASK: English to Spanish
VERSION 1.0.8 : 2023-10-23 00:20:44 : DATASET(S): opus_books, opus_wikipedia
VERSION 1.0.8 : 2023-10-23 00:24:49 : ===================== RUN =====================
VERSION 1.0.8 : 2023-10-23 00:24:49 : MODEL: google/mt5-small
VERSION 1.0.8 : 2023-10-23 00:25:29 : ===================== RUN =====================
VERSION 1.0.8 : 2023-10-23 00:25:29 : MODEL: google/mt5-small
VERSION 1.0.8 : 2023-10-23 00:25:34 : TASK: English to Spanish
VERSION 1.0.8 : 2023-10-23 00:25:34 : DATASET(S): opus_books, opus_wikipedia
VERSION 1.0.8 : 2023-10-23 00:52:41 : Model finetuning started...
VERSION 1.0.8 : 2023-10-23 00:59:21 : ===================== RUN =====================
VERSION 1.0.8 : 2023-10-23 00:59:21 : MODEL: google/mt5-small
VERSION 1.0.8 : 2023-10-23 00:59:25 : TASK: English to Spanish
VERSION 1.0.8 : 2023-10-23 00:59:25 : DATASET(S): opus_books, opus_wikipedia
VERSION 1.0.8 : 2023-10-23 01:00:45 : ===================== RUN =====================
VERSION 1.0.8 : 2023-10-23 01:00:45 : MODEL: google/mt5-small
VERSION 1.0.8 : 2023-10-23 01:00:49 : TASK: English to Spanish
VERSION 1.0.8 : 2023-10-23 01:00:49 : DATASET(S): opus_wikipedia
VERSION 1.0.8 : 2023-10-23 01:01:08 : ===================== RUN =====================
VERSION 1.0.8 : 2023-10-23 01:01:08 : MODEL: google/mt5-small
VERSION 1.0.8 : 2023-10-23 01:01:12 : TASK: English to Spanish
VERSION 1.0.8 : 2023-10-23 01:01:12 : DATASET(S): opus_books
