VERSION 1.0.0 : 2023-11-29 04:07:26 : ===================== RUN =====================
VERSION 1.0.0 : 2023-11-29 04:07:27 : MODEL: google/mt5-small on cuda
VERSION 1.0.0 : 2023-11-29 04:07:31 : TASK: English to Spanish
VERSION 1.0.0 : 2023-11-29 04:07:31 : DATASET(S): datasets/opus_test
VERSION 1.0.0 : 2023-11-29 04:07:31 : Model finetuning started...
VERSION 1.0.0 : 2023-11-29 04:07:31 : HYPERPARAMETERS:
VERSION 1.0.0 : 2023-11-29 04:07:31 : 	EPOCHS: 1
VERSION 1.0.0 : 2023-11-29 04:07:31 : 	BATCH SIZE: 2
VERSION 1.0.0 : 2023-11-29 04:07:31 : 	LEARNING RATE: 4e-05
VERSION 1.0.0 : 2023-11-29 04:07:31 : 	TRAINING SIZE: 61
VERSION 1.0.0 : 2023-11-29 04:07:31 : 	VALIDATION SIZE: 13
VERSION 1.0.0 : 2023-11-29 04:07:31 : 	TESTING SIZE: 14
VERSION 1.0.0 : 2023-11-29 04:07:31 : 	EVALUATION METRIC: sacrebleu using score
VERSION 1.0.0 : 2023-11-29 04:07:32 : FINE-TUNING
VERSION 1.0.0 : 2023-11-29 04:08:04 : ===================== RUN =====================
VERSION 1.0.0 : 2023-11-29 04:08:04 : MODEL: google/mt5-small on cuda
VERSION 1.0.0 : 2023-11-29 04:08:08 : TASK: English to Spanish
VERSION 1.0.0 : 2023-11-29 04:08:08 : DATASET(S): datasets/opus_test
VERSION 1.0.0 : 2023-11-29 04:08:08 : Model finetuning started...
VERSION 1.0.0 : 2023-11-29 04:08:08 : HYPERPARAMETERS:
VERSION 1.0.0 : 2023-11-29 04:08:08 : 	EPOCHS: 1
VERSION 1.0.0 : 2023-11-29 04:08:08 : 	BATCH SIZE: 2
VERSION 1.0.0 : 2023-11-29 04:08:08 : 	LEARNING RATE: 4e-05
VERSION 1.0.0 : 2023-11-29 04:08:08 : 	TRAINING SIZE: 61
VERSION 1.0.0 : 2023-11-29 04:08:08 : 	VALIDATION SIZE: 13
VERSION 1.0.0 : 2023-11-29 04:08:08 : 	TESTING SIZE: 14
VERSION 1.0.0 : 2023-11-29 04:08:08 : 	EVALUATION METRIC: sacrebleu using score
VERSION 1.0.0 : 2023-11-29 04:08:08 : FINE-TUNING
VERSION 1.0.0 : 2023-11-29 04:09:36 : ===================== RUN =====================
VERSION 1.0.0 : 2023-11-29 04:09:36 : MODEL: google/mt5-small on cuda
VERSION 1.0.0 : 2023-11-29 04:09:40 : TASK: English to Spanish
VERSION 1.0.0 : 2023-11-29 04:09:40 : DATASET(S): datasets/opus_test
VERSION 1.0.0 : 2023-11-29 04:09:40 : Model finetuning started...
VERSION 1.0.0 : 2023-11-29 04:09:40 : HYPERPARAMETERS:
VERSION 1.0.0 : 2023-11-29 04:09:40 : 	EPOCHS: 1
VERSION 1.0.0 : 2023-11-29 04:09:40 : 	BATCH SIZE: 1
VERSION 1.0.0 : 2023-11-29 04:09:40 : 	LEARNING RATE: 4e-05
VERSION 1.0.0 : 2023-11-29 04:09:40 : 	TRAINING SIZE: 61
VERSION 1.0.0 : 2023-11-29 04:09:40 : 	VALIDATION SIZE: 13
VERSION 1.0.0 : 2023-11-29 04:09:40 : 	TESTING SIZE: 14
VERSION 1.0.0 : 2023-11-29 04:09:40 : 	EVALUATION METRIC: sacrebleu using score
VERSION 1.0.0 : 2023-11-29 04:09:41 : FINE-TUNING
