VERSION 1.2.0 : 2023-10-26 05:00:12 : ===================== RUN =====================
VERSION 1.2.0 : 2023-10-26 05:00:13 : MODEL: facebook/nllb-200-distilled-600M on cuda
VERSION 1.2.0 : 2023-10-26 05:00:47 : DATASET(S): opus_books, opus_wikipedia
VERSION 1.2.0 : 2023-10-26 05:01:31 : 	COLUMNS: id, en, es
VERSION 1.2.0 : 2023-10-26 05:01:31 : 	ROWS: 1904898
VERSION 1.2.0 : 2023-10-26 05:01:34 : METRIC: sacrebleu using score
VERSION 1.2.0 : 2023-10-26 16:19:18 : ===================== RUN =====================
VERSION 1.2.0 : 2023-10-26 16:19:18 : MODEL: facebook/nllb-200-distilled-600M on cpu
VERSION 1.2.0 : 2023-10-26 16:23:10 : DATASET(S): opus_books, opus_wikipedia
VERSION 1.2.0 : 2023-10-26 16:23:52 : 	COLUMNS: id, en, es
VERSION 1.2.0 : 2023-10-26 16:23:52 : 	ROWS: 1904898
VERSION 1.2.0 : 2023-10-26 16:23:53 : METRIC: sacrebleu using score
VERSION 1.2.0 : 2023-10-26 16:36:45 : NEW COLUMNS: id, en, es, nllb-200-distilled-600M
VERSION 1.2.0 : 2023-10-26 16:36:45 : SAVE LOCATION: datasets/opus_test
VERSION 1.2.0 : 2023-10-26 17:18:28 : ===================== RUN =====================
VERSION 1.2.0 : 2023-10-26 17:18:28 : MODEL(S): facebook/nllb-200-distilled-600M on cpu
VERSION 1.2.0 : 2023-10-26 17:20:36 : DATASET(S): opus_books, opus_wikipedia
VERSION 1.2.0 : 2023-10-26 17:21:27 : 	COLUMNS: id, en, es
VERSION 1.2.0 : 2023-10-26 17:21:27 : 	ROWS: 1904898
VERSION 1.2.0 : 2023-10-26 17:21:29 : METRIC: sacrebleu using score
VERSION 1.2.0 : 2023-10-26 17:27:37 : NEW COLUMNS: id, en, es, nllb-200-distilled-600M
VERSION 1.2.0 : 2023-10-26 17:27:37 : SAVE LOCATION: datasets/opus_test
VERSION 1.2.0 : 2023-10-26 17:32:25 : ===================== RUN =====================
VERSION 1.2.0 : 2023-10-26 17:32:25 : MODEL(S): facebook/nllb-200-distilled-600M on cpu
VERSION 1.2.0 : 2023-10-26 17:34:39 : DATASET(S): opus_books, opus_wikipedia
VERSION 1.2.0 : 2023-10-26 17:35:09 : 	COLUMNS: id, en, es
VERSION 1.2.0 : 2023-10-26 17:35:09 : 	ROWS: 1904898
VERSION 1.2.0 : 2023-10-26 17:35:10 : METRIC: sacrebleu using score
VERSION 1.2.0 : 2023-10-26 17:39:53 : NEW COLUMNS: id, en, es, nllb-200-distilled-600M, nllb-200-distilled-600M_sacrebleu
VERSION 1.2.0 : 2023-10-26 17:39:53 : SAVE LOCATION: datasets/opus_test
