RUN: Mon Oct 23 01:11:34 EDT 2023
RUNNING segment.py 1.1.0 SCRIPT
You are using the default legacy behaviour of the <class 'transformers.models.t5.tokenization_t5.T5Tokenizer'>. If you see this, DO NOT PANIC! This is expected, and simply means that the `legacy` (previous) behavior will be used so nothing changes for you. If you want to use the new behaviour, set `legacy=False`. This should only be set if you understand what it means, and thouroughly read the reason why this was added as explained in https://github.com/huggingface/transformers/pull/24565
Downloading builder script:   0%|          | 0.00/6.08k [00:00<?, ?B/s]Downloading builder script: 100%|██████████| 6.08k/6.08k [00:00<00:00, 8.12MB/s]
Downloading metadata:   0%|          | 0.00/161k [00:00<?, ?B/s]Downloading metadata: 100%|██████████| 161k/161k [00:00<00:00, 7.79MB/s]
Downloading readme:   0%|          | 0.00/20.5k [00:00<?, ?B/s]Downloading readme: 100%|██████████| 20.5k/20.5k [00:00<00:00, 25.0MB/s]
Traceback (most recent call last):
  File "/ihome/dvillarreal/alc307/projects/CS3730/finetune.py", line 409, in <module>
    main(args)
  File "/ihome/dvillarreal/alc307/projects/CS3730/finetune.py", line 184, in main
    dataset = load_dataset(args.dataset[0], split=args.split if args.split != "" else None) \
  File "/ihome/dvillarreal/alc307/.local/lib/python3.9/site-packages/datasets/load.py", line 2129, in load_dataset
    builder_instance = load_dataset_builder(
  File "/ihome/dvillarreal/alc307/.local/lib/python3.9/site-packages/datasets/load.py", line 1852, in load_dataset_builder
    builder_instance: DatasetBuilder = builder_cls(
  File "/ihome/dvillarreal/alc307/.local/lib/python3.9/site-packages/datasets/builder.py", line 373, in __init__
    self.config, self.config_id = self._create_builder_config(
  File "/ihome/dvillarreal/alc307/.local/lib/python3.9/site-packages/datasets/builder.py", line 525, in _create_builder_config
    raise ValueError(
ValueError: Config name is missing.
Please pick one among the available configs: ['ca-de', 'ca-en', 'de-en', 'el-en', 'de-eo', 'en-eo', 'de-es', 'el-es', 'en-es', 'eo-es', 'en-fi', 'es-fi', 'de-fr', 'el-fr', 'en-fr', 'eo-fr', 'es-fr', 'fi-fr', 'ca-hu', 'de-hu', 'el-hu', 'en-hu', 'eo-hu', 'fr-hu', 'de-it', 'en-it', 'eo-it', 'es-it', 'fr-it', 'hu-it', 'ca-nl', 'de-nl', 'en-nl', 'es-nl', 'fr-nl', 'hu-nl', 'it-nl', 'en-no', 'es-no', 'fi-no', 'fr-no', 'hu-no', 'en-pl', 'fi-pl', 'fr-pl', 'hu-pl', 'de-pt', 'en-pt', 'eo-pt', 'es-pt', 'fr-pt', 'hu-pt', 'it-pt', 'de-ru', 'en-ru', 'es-ru', 'fr-ru', 'hu-ru', 'it-ru', 'en-sv', 'fr-sv', 'it-sv']
Example of usage:
	`load_dataset('opus_books', 'ca-de')`
DONE
==============================================================================
                                JOB STATISTICS                                
==============================================================================

           JobId: 655639
      SubmitTime: 2023-10-23T01:11:19
         EndTime: 2023-10-28T01:11:34
         RunTime: 00:03:04
            TRES: cpu=1,mem=5364M,node=1,billing=8,gres/gpu=1
       Partition: a100
        NodeList: gpu-n44
         Command: /ihome/dvillarreal/alc307/projects/CS3730/crc_job.sh

==============================================================================
 For more information use the command:
   - `sacct -M gpu -j 655639 -S 2023-10-23T01:11:19 -E 2023-10-28T01:11:34`

 To control the output of the above command:
   - Add `--format=<field1,field2,etc>` with fields of interest
   - See the list of all possible fields by running: `sacct --helpformat`
==============================================================================
