VERSION 1.1.5 : 2023-12-08 19:11:44 : ===================== RUN =====================
VERSION 1.1.5 : 2023-12-08 19:11:45 : MODEL: google/mt5-small on cuda
VERSION 1.1.5 : 2023-12-08 19:11:49 : MACHINE TRANSLATION TASK: English to Spanish
VERSION 1.1.5 : 2023-12-08 19:11:49 : MACHINE TRANSLATION DATASET(S): datasets/opus_test
VERSION 1.1.5 : 2023-12-08 19:11:49 : HYPERPARAMETERS (REPEAT TRANSLATION):
VERSION 1.1.5 : 2023-12-08 19:11:49 : 	EPOCHS: 2
VERSION 1.1.5 : 2023-12-08 19:11:49 : 	BATCH SIZE: 2
VERSION 1.1.5 : 2023-12-08 19:11:49 : 	LEARNING RATE: 4e-05
VERSION 1.1.5 : 2023-12-08 19:11:49 : 	TRAINING SIZE: 61
VERSION 1.1.5 : 2023-12-08 19:11:49 : 	VALIDATION SIZE: 13
VERSION 1.1.5 : 2023-12-08 19:11:49 : 	TESTING SIZE: 13
VERSION 1.1.5 : 2023-12-08 19:11:49 : 	EVALUATION METRIC: sacrebleu using score
VERSION 1.1.5 : 2023-12-08 19:11:49 : FINE-TUNING ON HINGE LOSS
VERSION 1.1.5 : 2023-12-08 19:12:35 : ===================== RUN =====================
VERSION 1.1.5 : 2023-12-08 19:12:35 : MODEL: google/mt5-small on cuda
VERSION 1.1.5 : 2023-12-08 19:12:39 : MACHINE TRANSLATION TASK: English to Spanish
VERSION 1.1.5 : 2023-12-08 19:12:39 : MACHINE TRANSLATION DATASET(S): datasets/opus_test
VERSION 1.1.5 : 2023-12-08 19:12:40 : HYPERPARAMETERS (REPEAT TRANSLATION):
VERSION 1.1.5 : 2023-12-08 19:12:40 : 	EPOCHS: 2
VERSION 1.1.5 : 2023-12-08 19:12:40 : 	BATCH SIZE: 2
VERSION 1.1.5 : 2023-12-08 19:12:40 : 	LEARNING RATE: 4e-05
VERSION 1.1.5 : 2023-12-08 19:12:40 : 	TRAINING SIZE: 61
VERSION 1.1.5 : 2023-12-08 19:12:40 : 	VALIDATION SIZE: 13
VERSION 1.1.5 : 2023-12-08 19:12:40 : 	TESTING SIZE: 13
VERSION 1.1.5 : 2023-12-08 19:12:40 : 	EVALUATION METRIC: sacrebleu using score
VERSION 1.1.5 : 2023-12-08 19:12:40 : FINE-TUNING ON HINGE LOSS
VERSION 1.1.5 : 2023-12-08 19:13:23 : ===================== RUN =====================
VERSION 1.1.5 : 2023-12-08 19:13:23 : MODEL: google/mt5-small on cuda
VERSION 1.1.5 : 2023-12-08 19:13:27 : MACHINE TRANSLATION TASK: English to Spanish
VERSION 1.1.5 : 2023-12-08 19:13:27 : MACHINE TRANSLATION DATASET(S): datasets/opus_test
VERSION 1.1.5 : 2023-12-08 19:13:27 : HYPERPARAMETERS (REPEAT TRANSLATION):
VERSION 1.1.5 : 2023-12-08 19:13:27 : 	EPOCHS: 2
VERSION 1.1.5 : 2023-12-08 19:13:27 : 	BATCH SIZE: 2
VERSION 1.1.5 : 2023-12-08 19:13:27 : 	LEARNING RATE: 4e-05
VERSION 1.1.5 : 2023-12-08 19:13:27 : 	TRAINING SIZE: 61
VERSION 1.1.5 : 2023-12-08 19:13:27 : 	VALIDATION SIZE: 13
VERSION 1.1.5 : 2023-12-08 19:13:27 : 	TESTING SIZE: 13
VERSION 1.1.5 : 2023-12-08 19:13:27 : 	EVALUATION METRIC: sacrebleu using score
VERSION 1.1.5 : 2023-12-08 19:13:28 : FINE-TUNING ON HINGE LOSS
