VERSION 1.0.0 : 2023-10-26 01:12:10 : ===================== RUN =====================
VERSION 1.0.0 : 2023-10-26 01:12:10 : MODEL: facebook/nllb-200-distilled-600M on cuda
VERSION 1.0.0 : 2023-10-26 01:12:20 : 	PARAMETERS: 615073792
VERSION 1.0.0 : 2023-10-26 01:12:20 : DATASET(S): opus_books, opus_wikipedia
VERSION 1.0.0 : 2023-10-26 01:12:22 : 	COLUMNS: id, en, es
VERSION 1.0.0 : 2023-10-26 01:12:22 : 	ROWS: 1904898
VERSION 1.0.0 : 2023-10-26 01:31:36 : ===================== RUN =====================
VERSION 1.0.0 : 2023-10-26 01:31:36 : MODEL: facebook/nllb-200-distilled-600M on cuda
VERSION 1.0.0 : 2023-10-26 01:31:46 : DATASET(S): opus_books, opus_wikipedia
VERSION 1.0.0 : 2023-10-26 01:31:48 : 	COLUMNS: id, en, es
VERSION 1.0.0 : 2023-10-26 01:31:48 : 	ROWS: 1904898
VERSION 1.0.0 : 2023-10-26 01:31:48 : METRIC: sacrebleu using score
VERSION 1.0.0 : 2023-10-26 01:35:53 : ===================== RUN =====================
VERSION 1.0.0 : 2023-10-26 01:35:53 : MODEL: facebook/nllb-200-distilled-600M on cuda
VERSION 1.0.0 : 2023-10-26 01:36:02 : DATASET(S): opus_books, opus_wikipedia
VERSION 1.0.0 : 2023-10-26 01:36:04 : 	COLUMNS: id, en, es
VERSION 1.0.0 : 2023-10-26 01:36:04 : 	ROWS: 1904898
VERSION 1.0.0 : 2023-10-26 01:36:04 : METRIC: sacrebleu using score
VERSION 1.0.0 : 2023-10-26 01:38:55 : ===================== RUN =====================
VERSION 1.0.0 : 2023-10-26 01:38:55 : MODEL: facebook/nllb-200-distilled-600M on cuda
VERSION 1.0.0 : 2023-10-26 01:39:05 : DATASET(S): opus_books, opus_wikipedia
VERSION 1.0.0 : 2023-10-26 01:39:07 : 	COLUMNS: id, en, es
VERSION 1.0.0 : 2023-10-26 01:39:07 : 	ROWS: 1904898
VERSION 1.0.0 : 2023-10-26 01:39:07 : METRIC: sacrebleu using score
VERSION 1.0.0 : 2023-10-26 01:39:44 : ===================== RUN =====================
VERSION 1.0.0 : 2023-10-26 01:39:44 : MODEL: facebook/nllb-200-distilled-600M on cuda
VERSION 1.0.0 : 2023-10-26 01:39:53 : DATASET(S): opus_books, opus_wikipedia
VERSION 1.0.0 : 2023-10-26 01:39:55 : 	COLUMNS: id, en, es
VERSION 1.0.0 : 2023-10-26 01:39:55 : 	ROWS: 1904898
VERSION 1.0.0 : 2023-10-26 01:39:55 : METRIC: sacrebleu using score
VERSION 1.0.0 : 2023-10-26 01:42:33 : ===================== RUN =====================
VERSION 1.0.0 : 2023-10-26 01:42:33 : MODEL: facebook/nllb-200-distilled-600M on cuda
VERSION 1.0.0 : 2023-10-26 01:42:42 : DATASET(S): opus_books, opus_wikipedia
VERSION 1.0.0 : 2023-10-26 01:42:44 : 	COLUMNS: id, en, es
VERSION 1.0.0 : 2023-10-26 01:42:44 : 	ROWS: 1904898
VERSION 1.0.0 : 2023-10-26 01:42:44 : METRIC: sacrebleu using score
VERSION 1.0.0 : 2023-10-26 01:43:18 : ===================== RUN =====================
VERSION 1.0.0 : 2023-10-26 01:43:19 : MODEL: facebook/nllb-200-distilled-600M on cuda
VERSION 1.0.0 : 2023-10-26 01:43:28 : DATASET(S): opus_books, opus_wikipedia
VERSION 1.0.0 : 2023-10-26 01:43:30 : 	COLUMNS: id, en, es
VERSION 1.0.0 : 2023-10-26 01:43:30 : 	ROWS: 1904898
VERSION 1.0.0 : 2023-10-26 01:43:30 : METRIC: sacrebleu using score
VERSION 1.0.0 : 2023-10-26 01:44:24 : ===================== RUN =====================
VERSION 1.0.0 : 2023-10-26 01:44:24 : MODEL: facebook/nllb-200-distilled-600M on cuda
VERSION 1.0.0 : 2023-10-26 01:44:34 : DATASET(S): opus_books, opus_wikipedia
VERSION 1.0.0 : 2023-10-26 01:44:36 : 	COLUMNS: id, en, es
VERSION 1.0.0 : 2023-10-26 01:44:36 : 	ROWS: 1904898
VERSION 1.0.0 : 2023-10-26 01:44:36 : METRIC: sacrebleu using score
VERSION 1.0.0 : 2023-10-26 01:45:48 : ===================== RUN =====================
VERSION 1.0.0 : 2023-10-26 01:45:48 : MODEL: facebook/nllb-200-distilled-600M on cuda
VERSION 1.0.0 : 2023-10-26 01:45:58 : DATASET(S): opus_books, opus_wikipedia
VERSION 1.0.0 : 2023-10-26 01:46:00 : 	COLUMNS: id, en, es
VERSION 1.0.0 : 2023-10-26 01:46:00 : 	ROWS: 1904898
VERSION 1.0.0 : 2023-10-26 01:46:00 : METRIC: sacrebleu using score
VERSION 1.0.0 : 2023-10-26 01:47:15 : ===================== RUN =====================
VERSION 1.0.0 : 2023-10-26 01:47:15 : MODEL: facebook/nllb-200-distilled-600M on cuda
VERSION 1.0.0 : 2023-10-26 01:47:25 : DATASET(S): opus_books, opus_wikipedia
VERSION 1.0.0 : 2023-10-26 01:47:27 : 	COLUMNS: id, en, es
VERSION 1.0.0 : 2023-10-26 01:47:27 : 	ROWS: 1904898
VERSION 1.0.0 : 2023-10-26 01:47:27 : METRIC: sacrebleu using score
VERSION 1.0.0 : 2023-10-26 01:54:07 : ===================== RUN =====================
VERSION 1.0.0 : 2023-10-26 01:54:07 : MODEL: facebook/nllb-200-distilled-600M on cuda
VERSION 1.0.0 : 2023-10-26 01:54:16 : DATASET(S): opus_books, opus_wikipedia
VERSION 1.0.0 : 2023-10-26 01:54:18 : 	COLUMNS: id, en, es
VERSION 1.0.0 : 2023-10-26 01:54:18 : 	ROWS: 1904898
VERSION 1.0.0 : 2023-10-26 01:54:18 : METRIC: sacrebleu using score
VERSION 1.0.0 : 2023-10-26 01:54:57 : ===================== RUN =====================
VERSION 1.0.0 : 2023-10-26 01:54:57 : MODEL: facebook/nllb-200-distilled-600M on cuda
VERSION 1.0.0 : 2023-10-26 01:55:06 : DATASET(S): opus_books, opus_wikipedia
VERSION 1.0.0 : 2023-10-26 01:55:08 : 	COLUMNS: id, en, es
VERSION 1.0.0 : 2023-10-26 01:55:08 : 	ROWS: 1904898
VERSION 1.0.0 : 2023-10-26 01:55:08 : METRIC: sacrebleu using score
VERSION 1.0.0 : 2023-10-26 01:55:43 : ===================== RUN =====================
VERSION 1.0.0 : 2023-10-26 01:55:43 : MODEL: facebook/nllb-200-distilled-600M on cuda
VERSION 1.0.0 : 2023-10-26 01:55:52 : DATASET(S): opus_books, opus_wikipedia
VERSION 1.0.0 : 2023-10-26 01:55:55 : 	COLUMNS: id, en, es
VERSION 1.0.0 : 2023-10-26 01:55:55 : 	ROWS: 1904898
VERSION 1.0.0 : 2023-10-26 01:55:55 : METRIC: sacrebleu using score
VERSION 1.0.0 : 2023-10-26 02:01:57 : ===================== RUN =====================
VERSION 1.0.0 : 2023-10-26 02:01:57 : MODEL: facebook/nllb-200-distilled-600M on cuda
VERSION 1.0.0 : 2023-10-26 02:02:06 : DATASET(S): opus_books, opus_wikipedia
VERSION 1.0.0 : 2023-10-26 02:02:08 : 	COLUMNS: id, en, es
VERSION 1.0.0 : 2023-10-26 02:02:08 : 	ROWS: 1904898
VERSION 1.0.0 : 2023-10-26 02:02:08 : METRIC: sacrebleu using score
VERSION 1.0.0 : 2023-10-26 02:05:49 : ===================== RUN =====================
VERSION 1.0.0 : 2023-10-26 02:05:49 : MODEL: facebook/nllb-200-distilled-600M on cuda
VERSION 1.0.0 : 2023-10-26 02:05:58 : DATASET(S): opus_books, opus_wikipedia
VERSION 1.0.0 : 2023-10-26 02:06:00 : 	COLUMNS: id, en, es
VERSION 1.0.0 : 2023-10-26 02:06:00 : 	ROWS: 1904898
VERSION 1.0.0 : 2023-10-26 02:06:00 : METRIC: sacrebleu using score
VERSION 1.0.0 : 2023-10-26 02:07:05 : ===================== RUN =====================
VERSION 1.0.0 : 2023-10-26 02:07:05 : MODEL: facebook/nllb-200-distilled-600M on cuda
VERSION 1.0.0 : 2023-10-26 02:07:14 : DATASET(S): opus_books, opus_wikipedia
VERSION 1.0.0 : 2023-10-26 02:07:17 : 	COLUMNS: id, en, es
VERSION 1.0.0 : 2023-10-26 02:07:17 : 	ROWS: 1904898
VERSION 1.0.0 : 2023-10-26 02:07:17 : METRIC: sacrebleu using score
VERSION 1.0.0 : 2023-10-26 02:09:51 : ===================== RUN =====================
VERSION 1.0.0 : 2023-10-26 02:09:51 : MODEL: facebook/nllb-200-distilled-600M on cuda
VERSION 1.0.0 : 2023-10-26 02:10:00 : DATASET(S): opus_books, opus_wikipedia
VERSION 1.0.0 : 2023-10-26 02:10:02 : 	COLUMNS: id, en, es
VERSION 1.0.0 : 2023-10-26 02:10:02 : 	ROWS: 1904898
VERSION 1.0.0 : 2023-10-26 02:10:02 : METRIC: sacrebleu using score
VERSION 1.0.0 : 2023-10-26 02:10:59 : ===================== RUN =====================
VERSION 1.0.0 : 2023-10-26 02:10:59 : MODEL: facebook/nllb-200-distilled-600M on cuda
VERSION 1.0.0 : 2023-10-26 02:11:09 : DATASET(S): opus_books, opus_wikipedia
VERSION 1.0.0 : 2023-10-26 02:11:10 : 	COLUMNS: id, en, es
VERSION 1.0.0 : 2023-10-26 02:11:10 : 	ROWS: 1904898
VERSION 1.0.0 : 2023-10-26 02:11:11 : METRIC: sacrebleu using score
VERSION 1.0.0 : 2023-10-26 02:15:08 : ===================== RUN =====================
VERSION 1.0.0 : 2023-10-26 02:15:08 : MODEL: facebook/nllb-200-distilled-600M on cuda
VERSION 1.0.0 : 2023-10-26 02:15:17 : DATASET(S): opus_books, opus_wikipedia
VERSION 1.0.0 : 2023-10-26 02:15:19 : 	COLUMNS: id, en, es
VERSION 1.0.0 : 2023-10-26 02:15:19 : 	ROWS: 1904898
VERSION 1.0.0 : 2023-10-26 02:15:19 : METRIC: sacrebleu using score
VERSION 1.0.0 : 2023-10-26 02:15:44 : ===================== RUN =====================
VERSION 1.0.0 : 2023-10-26 02:15:44 : MODEL: facebook/nllb-200-distilled-600M on cuda
VERSION 1.0.0 : 2023-10-26 02:15:53 : DATASET(S): opus_books, opus_wikipedia
VERSION 1.0.0 : 2023-10-26 02:15:55 : 	COLUMNS: id, en, es
VERSION 1.0.0 : 2023-10-26 02:15:55 : 	ROWS: 1904898
VERSION 1.0.0 : 2023-10-26 02:15:55 : METRIC: sacrebleu using score
VERSION 1.0.0 : 2023-10-26 02:31:28 : ===================== RUN =====================
VERSION 1.0.0 : 2023-10-26 02:31:28 : MODEL: facebook/nllb-200-distilled-600M on cuda
VERSION 1.0.0 : 2023-10-26 02:31:38 : DATASET(S): opus_books, opus_wikipedia
VERSION 1.0.0 : 2023-10-26 02:31:39 : 	COLUMNS: id, en, es
VERSION 1.0.0 : 2023-10-26 02:31:39 : 	ROWS: 1904898
VERSION 1.0.0 : 2023-10-26 02:31:40 : METRIC: sacrebleu using score
VERSION 1.0.0 : 2023-10-26 02:40:41 : ===================== RUN =====================
VERSION 1.0.0 : 2023-10-26 02:40:42 : MODEL: facebook/nllb-200-distilled-600M on cuda
VERSION 1.0.0 : 2023-10-26 02:40:51 : DATASET(S): opus_books, opus_wikipedia
VERSION 1.0.0 : 2023-10-26 02:40:53 : 	COLUMNS: id, en, es
VERSION 1.0.0 : 2023-10-26 02:40:53 : 	ROWS: 1904898
VERSION 1.0.0 : 2023-10-26 02:40:54 : METRIC: sacrebleu using score
VERSION 1.0.0 : 2023-10-26 02:42:13 : ===================== RUN =====================
VERSION 1.0.0 : 2023-10-26 02:42:14 : MODEL: facebook/nllb-200-distilled-600M on cuda
VERSION 1.0.0 : 2023-10-26 02:42:23 : DATASET(S): opus_books, opus_wikipedia
VERSION 1.0.0 : 2023-10-26 02:42:25 : 	COLUMNS: id, en, es
VERSION 1.0.0 : 2023-10-26 02:42:25 : 	ROWS: 1904898
VERSION 1.0.0 : 2023-10-26 02:42:26 : METRIC: sacrebleu using score
VERSION 1.0.0 : 2023-10-26 02:43:41 : ===================== RUN =====================
VERSION 1.0.0 : 2023-10-26 02:43:41 : MODEL: facebook/nllb-200-distilled-600M on cuda
VERSION 1.0.0 : 2023-10-26 02:43:51 : DATASET(S): opus_books, opus_wikipedia
VERSION 1.0.0 : 2023-10-26 02:43:53 : 	COLUMNS: id, en, es
VERSION 1.0.0 : 2023-10-26 02:43:53 : 	ROWS: 1904898
VERSION 1.0.0 : 2023-10-26 02:43:53 : METRIC: sacrebleu using score
VERSION 1.0.0 : 2023-10-26 02:44:29 : ===================== RUN =====================
VERSION 1.0.0 : 2023-10-26 02:44:29 : MODEL: facebook/nllb-200-distilled-600M on cuda
VERSION 1.0.0 : 2023-10-26 02:44:38 : DATASET(S): opus_books, opus_wikipedia
VERSION 1.0.0 : 2023-10-26 02:44:40 : 	COLUMNS: id, en, es
VERSION 1.0.0 : 2023-10-26 02:44:40 : 	ROWS: 1904898
VERSION 1.0.0 : 2023-10-26 02:44:41 : METRIC: sacrebleu using score
VERSION 1.0.0 : 2023-10-26 02:46:08 : ===================== RUN =====================
VERSION 1.0.0 : 2023-10-26 02:46:08 : MODEL: facebook/nllb-200-distilled-600M on cuda
VERSION 1.0.0 : 2023-10-26 02:46:18 : DATASET(S): opus_books, opus_wikipedia
VERSION 1.0.0 : 2023-10-26 02:46:21 : 	COLUMNS: id, en, es
VERSION 1.0.0 : 2023-10-26 02:46:21 : 	ROWS: 1904898
VERSION 1.0.0 : 2023-10-26 02:46:21 : METRIC: sacrebleu using score
VERSION 1.0.0 : 2023-10-26 02:47:06 : ===================== RUN =====================
VERSION 1.0.0 : 2023-10-26 02:47:06 : MODEL: facebook/nllb-200-distilled-600M on cuda
VERSION 1.0.0 : 2023-10-26 02:47:16 : DATASET(S): opus_books, opus_wikipedia
VERSION 1.0.0 : 2023-10-26 02:47:18 : 	COLUMNS: id, en, es
VERSION 1.0.0 : 2023-10-26 02:47:18 : 	ROWS: 1904898
VERSION 1.0.0 : 2023-10-26 02:47:18 : METRIC: sacrebleu using score
VERSION 1.0.0 : 2023-10-26 02:48:03 : ===================== RUN =====================
VERSION 1.0.0 : 2023-10-26 02:48:03 : MODEL: facebook/nllb-200-distilled-600M on cuda
VERSION 1.0.0 : 2023-10-26 02:48:13 : DATASET(S): opus_books, opus_wikipedia
VERSION 1.0.0 : 2023-10-26 02:48:15 : 	COLUMNS: id, en, es
VERSION 1.0.0 : 2023-10-26 02:48:15 : 	ROWS: 1904898
VERSION 1.0.0 : 2023-10-26 02:48:15 : METRIC: sacrebleu using score
VERSION 1.0.0 : 2023-10-26 02:57:38 : ===================== RUN =====================
VERSION 1.0.0 : 2023-10-26 02:57:38 : MODEL: facebook/nllb-200-distilled-600M on cuda
VERSION 1.0.0 : 2023-10-26 02:57:48 : DATASET(S): opus_books, opus_wikipedia
VERSION 1.0.0 : 2023-10-26 02:57:49 : 	COLUMNS: id, en, es
VERSION 1.0.0 : 2023-10-26 02:57:49 : 	ROWS: 1904898
VERSION 1.0.0 : 2023-10-26 02:57:50 : METRIC: sacrebleu using score
VERSION 1.0.0 : 2023-10-26 03:04:12 : ===================== RUN =====================
VERSION 1.0.0 : 2023-10-26 03:04:12 : MODEL: facebook/nllb-200-distilled-600M on cuda
VERSION 1.0.0 : 2023-10-26 03:04:22 : DATASET(S): opus_books, opus_wikipedia
VERSION 1.0.0 : 2023-10-26 03:04:24 : 	COLUMNS: id, en, es
VERSION 1.0.0 : 2023-10-26 03:04:24 : 	ROWS: 1904898
VERSION 1.0.0 : 2023-10-26 03:05:56 : ===================== RUN =====================
VERSION 1.0.0 : 2023-10-26 03:05:56 : MODEL: facebook/nllb-200-distilled-600M on cuda
VERSION 1.0.0 : 2023-10-26 03:06:05 : DATASET(S): opus_books, opus_wikipedia
VERSION 1.0.0 : 2023-10-26 03:06:08 : 	COLUMNS: id, en, es
VERSION 1.0.0 : 2023-10-26 03:06:08 : 	ROWS: 1904898
VERSION 1.0.0 : 2023-10-26 03:06:08 : METRIC: sacrebleu using score
VERSION 1.0.0 : 2023-10-26 03:06:43 : ===================== RUN =====================
VERSION 1.0.0 : 2023-10-26 03:06:43 : MODEL: facebook/nllb-200-distilled-600M on cuda
VERSION 1.0.0 : 2023-10-26 03:06:52 : DATASET(S): opus_books, opus_wikipedia
VERSION 1.0.0 : 2023-10-26 03:06:55 : 	COLUMNS: id, en, es
VERSION 1.0.0 : 2023-10-26 03:06:55 : 	ROWS: 1904898
VERSION 1.0.0 : 2023-10-26 03:06:55 : METRIC: sacrebleu using score
VERSION 1.0.0 : 2023-10-26 03:09:27 : ===================== RUN =====================
VERSION 1.0.0 : 2023-10-26 03:09:27 : MODEL: facebook/nllb-200-distilled-600M on cuda
VERSION 1.0.0 : 2023-10-26 03:09:37 : DATASET(S): opus_books, opus_wikipedia
VERSION 1.0.0 : 2023-10-26 03:09:39 : 	COLUMNS: id, en, es
VERSION 1.0.0 : 2023-10-26 03:09:39 : 	ROWS: 1904898
VERSION 1.0.0 : 2023-10-26 03:09:40 : METRIC: sacrebleu using score
VERSION 1.0.0 : 2023-10-26 03:16:49 : ===================== RUN =====================
VERSION 1.0.0 : 2023-10-26 03:16:49 : MODEL: facebook/nllb-200-distilled-600M on cuda
VERSION 1.0.0 : 2023-10-26 03:16:58 : DATASET(S): opus_books, opus_wikipedia
VERSION 1.0.0 : 2023-10-26 03:17:00 : 	COLUMNS: id, en, es
VERSION 1.0.0 : 2023-10-26 03:17:00 : 	ROWS: 1904898
VERSION 1.0.0 : 2023-10-26 03:17:01 : METRIC: sacrebleu using score
VERSION 1.0.0 : 2023-10-26 03:18:52 : ===================== RUN =====================
VERSION 1.0.0 : 2023-10-26 03:18:53 : MODEL: facebook/nllb-200-distilled-600M on cuda
VERSION 1.0.0 : 2023-10-26 03:19:02 : DATASET(S): opus_books, opus_wikipedia
VERSION 1.0.0 : 2023-10-26 03:19:04 : 	COLUMNS: id, en, es
VERSION 1.0.0 : 2023-10-26 03:19:04 : 	ROWS: 1904898
VERSION 1.0.0 : 2023-10-26 03:19:04 : METRIC: sacrebleu using score
VERSION 1.0.0 : 2023-10-26 03:21:21 : ===================== RUN =====================
VERSION 1.0.0 : 2023-10-26 03:21:21 : MODEL: facebook/nllb-200-distilled-600M on cuda
VERSION 1.0.0 : 2023-10-26 03:21:31 : DATASET(S): opus_books, opus_wikipedia
VERSION 1.0.0 : 2023-10-26 03:21:33 : 	COLUMNS: id, en, es
VERSION 1.0.0 : 2023-10-26 03:21:33 : 	ROWS: 1904898
VERSION 1.0.0 : 2023-10-26 03:21:33 : METRIC: sacrebleu using score
VERSION 1.0.0 : 2023-10-26 03:24:27 : ===================== RUN =====================
VERSION 1.0.0 : 2023-10-26 03:24:27 : MODEL: facebook/nllb-200-distilled-600M on cuda
VERSION 1.0.0 : 2023-10-26 03:24:36 : DATASET(S): opus_books, opus_wikipedia
VERSION 1.0.0 : 2023-10-26 03:24:38 : 	COLUMNS: id, en, es
VERSION 1.0.0 : 2023-10-26 03:24:38 : 	ROWS: 1904898
VERSION 1.0.0 : 2023-10-26 03:24:39 : METRIC: sacrebleu using score
VERSION 1.0.0 : 2023-10-26 03:26:24 : ===================== RUN =====================
VERSION 1.0.0 : 2023-10-26 03:26:24 : MODEL: facebook/nllb-200-distilled-600M on cuda
VERSION 1.0.0 : 2023-10-26 03:26:34 : DATASET(S): opus_books, opus_wikipedia
VERSION 1.0.0 : 2023-10-26 03:26:36 : 	COLUMNS: id, en, es
VERSION 1.0.0 : 2023-10-26 03:26:36 : 	ROWS: 1904898
VERSION 1.0.0 : 2023-10-26 03:26:37 : METRIC: sacrebleu using score
VERSION 1.0.0 : 2023-10-26 03:27:48 : ===================== RUN =====================
VERSION 1.0.0 : 2023-10-26 03:27:48 : MODEL: facebook/nllb-200-distilled-600M on cuda
VERSION 1.0.0 : 2023-10-26 03:27:57 : DATASET(S): opus_books, opus_wikipedia
VERSION 1.0.0 : 2023-10-26 03:27:59 : 	COLUMNS: id, en, es
VERSION 1.0.0 : 2023-10-26 03:27:59 : 	ROWS: 1904898
VERSION 1.0.0 : 2023-10-26 03:28:00 : METRIC: sacrebleu using score
VERSION 1.0.0 : 2023-10-26 03:30:30 : ===================== RUN =====================
VERSION 1.0.0 : 2023-10-26 03:30:31 : MODEL: facebook/nllb-200-distilled-600M on cuda
VERSION 1.0.0 : 2023-10-26 03:30:40 : DATASET(S): opus_books, opus_wikipedia
VERSION 1.0.0 : 2023-10-26 03:30:42 : 	COLUMNS: id, en, es
VERSION 1.0.0 : 2023-10-26 03:30:42 : 	ROWS: 1904898
VERSION 1.0.0 : 2023-10-26 03:30:42 : METRIC: sacrebleu using score
VERSION 1.0.0 : 2023-10-26 03:31:21 : ===================== RUN =====================
VERSION 1.0.0 : 2023-10-26 03:31:22 : MODEL: facebook/nllb-200-distilled-600M on cuda
VERSION 1.0.0 : 2023-10-26 03:31:31 : DATASET(S): opus_books, opus_wikipedia
VERSION 1.0.0 : 2023-10-26 03:31:33 : 	COLUMNS: id, en, es
VERSION 1.0.0 : 2023-10-26 03:31:33 : 	ROWS: 1904898
VERSION 1.0.0 : 2023-10-26 03:31:33 : METRIC: sacrebleu using score
VERSION 1.0.0 : 2023-10-26 03:34:31 : ===================== RUN =====================
VERSION 1.0.0 : 2023-10-26 03:34:31 : MODEL: facebook/nllb-200-distilled-600M on cuda
VERSION 1.0.0 : 2023-10-26 03:34:40 : DATASET(S): opus_books, opus_wikipedia
VERSION 1.0.0 : 2023-10-26 03:34:42 : 	COLUMNS: id, en, es
VERSION 1.0.0 : 2023-10-26 03:34:42 : 	ROWS: 1904898
VERSION 1.0.0 : 2023-10-26 03:34:43 : METRIC: sacrebleu using score
VERSION 1.0.0 : 2023-10-26 03:35:57 : ===================== RUN =====================
VERSION 1.0.0 : 2023-10-26 03:35:57 : MODEL: facebook/nllb-200-distilled-600M on cuda
VERSION 1.0.0 : 2023-10-26 03:36:06 : DATASET(S): opus_books, opus_wikipedia
VERSION 1.0.0 : 2023-10-26 03:36:08 : 	COLUMNS: id, en, es
VERSION 1.0.0 : 2023-10-26 03:36:08 : 	ROWS: 1904898
VERSION 1.0.0 : 2023-10-26 03:36:09 : METRIC: sacrebleu using score
VERSION 1.0.0 : 2023-10-26 03:37:14 : ===================== RUN =====================
VERSION 1.0.0 : 2023-10-26 03:37:14 : MODEL: facebook/nllb-200-distilled-600M on cuda
VERSION 1.0.0 : 2023-10-26 03:37:23 : DATASET(S): opus_books, opus_wikipedia
VERSION 1.0.0 : 2023-10-26 03:37:25 : 	COLUMNS: id, en, es
VERSION 1.0.0 : 2023-10-26 03:37:25 : 	ROWS: 1904898
VERSION 1.0.0 : 2023-10-26 03:37:26 : METRIC: sacrebleu using score
VERSION 1.0.0 : 2023-10-26 03:39:04 : ===================== RUN =====================
VERSION 1.0.0 : 2023-10-26 03:39:04 : MODEL: facebook/nllb-200-distilled-600M on cuda
VERSION 1.0.0 : 2023-10-26 03:39:13 : DATASET(S): opus_books, opus_wikipedia
VERSION 1.0.0 : 2023-10-26 03:39:15 : 	COLUMNS: id, en, es
VERSION 1.0.0 : 2023-10-26 03:39:15 : 	ROWS: 1904898
VERSION 1.0.0 : 2023-10-26 03:39:16 : METRIC: sacrebleu using score
VERSION 1.0.0 : 2023-10-26 03:44:15 : ===================== RUN =====================
VERSION 1.0.0 : 2023-10-26 03:44:15 : MODEL: facebook/nllb-200-distilled-600M on cuda
VERSION 1.0.0 : 2023-10-26 03:44:24 : DATASET(S): opus_books, opus_wikipedia
VERSION 1.0.0 : 2023-10-26 03:44:31 : 	COLUMNS: id, en, es
VERSION 1.0.0 : 2023-10-26 03:44:31 : 	ROWS: 1904898
VERSION 1.0.0 : 2023-10-26 03:44:32 : METRIC: sacrebleu using score
VERSION 1.0.0 : 2023-10-26 03:47:02 : ===================== RUN =====================
VERSION 1.0.0 : 2023-10-26 03:47:02 : MODEL: facebook/nllb-200-distilled-600M on cuda
VERSION 1.0.0 : 2023-10-26 03:47:12 : DATASET(S): opus_books, opus_wikipedia
VERSION 1.0.0 : 2023-10-26 03:47:14 : 	COLUMNS: id, en, es
VERSION 1.0.0 : 2023-10-26 03:47:14 : 	ROWS: 1904898
VERSION 1.0.0 : 2023-10-26 03:47:14 : METRIC: sacrebleu using score
VERSION 1.0.0 : 2023-10-26 03:50:52 : ===================== RUN =====================
VERSION 1.0.0 : 2023-10-26 03:50:52 : MODEL: facebook/nllb-200-distilled-600M on cuda
VERSION 1.0.0 : 2023-10-26 03:51:01 : DATASET(S): opus_books, opus_wikipedia
VERSION 1.0.0 : 2023-10-26 03:51:03 : 	COLUMNS: id, en, es
VERSION 1.0.0 : 2023-10-26 03:51:03 : 	ROWS: 1904898
VERSION 1.0.0 : 2023-10-26 03:51:04 : METRIC: sacrebleu using score
VERSION 1.0.0 : 2023-10-26 03:52:20 : ===================== RUN =====================
VERSION 1.0.0 : 2023-10-26 03:52:20 : MODEL: facebook/nllb-200-distilled-600M on cuda
VERSION 1.0.0 : 2023-10-26 03:52:29 : DATASET(S): opus_books, opus_wikipedia
VERSION 1.0.0 : 2023-10-26 03:52:31 : 	COLUMNS: id, en, es
VERSION 1.0.0 : 2023-10-26 03:52:31 : 	ROWS: 1904898
VERSION 1.0.0 : 2023-10-26 03:52:32 : METRIC: sacrebleu using score
VERSION 1.0.0 : 2023-10-26 03:53:40 : ===================== RUN =====================
VERSION 1.0.0 : 2023-10-26 03:53:40 : MODEL: facebook/nllb-200-distilled-600M on cuda
VERSION 1.0.0 : 2023-10-26 03:53:49 : DATASET(S): opus_books, opus_wikipedia
VERSION 1.0.0 : 2023-10-26 03:53:51 : 	COLUMNS: id, en, es
VERSION 1.0.0 : 2023-10-26 03:53:51 : 	ROWS: 1904898
VERSION 1.0.0 : 2023-10-26 03:53:51 : METRIC: sacrebleu using score
VERSION 1.0.0 : 2023-10-26 03:55:20 : ===================== RUN =====================
VERSION 1.0.0 : 2023-10-26 03:55:20 : MODEL: facebook/nllb-200-distilled-600M on cuda
VERSION 1.0.0 : 2023-10-26 03:55:29 : DATASET(S): opus_books, opus_wikipedia
VERSION 1.0.0 : 2023-10-26 03:55:32 : 	COLUMNS: id, en, es
VERSION 1.0.0 : 2023-10-26 03:55:32 : 	ROWS: 1904898
VERSION 1.0.0 : 2023-10-26 03:55:32 : METRIC: sacrebleu using score
VERSION 1.0.0 : 2023-10-26 03:59:22 : ===================== RUN =====================
VERSION 1.0.0 : 2023-10-26 03:59:22 : MODEL: facebook/nllb-200-distilled-600M on cuda
VERSION 1.0.0 : 2023-10-26 03:59:31 : DATASET(S): opus_books, opus_wikipedia
VERSION 1.0.0 : 2023-10-26 03:59:33 : 	COLUMNS: id, en, es
VERSION 1.0.0 : 2023-10-26 03:59:33 : 	ROWS: 1904898
VERSION 1.0.0 : 2023-10-26 03:59:33 : METRIC: sacrebleu using score
VERSION 1.0.0 : 2023-10-26 04:01:32 : ===================== RUN =====================
VERSION 1.0.0 : 2023-10-26 04:01:32 : MODEL: facebook/nllb-200-distilled-600M on cuda
VERSION 1.0.0 : 2023-10-26 04:01:41 : DATASET(S): opus_books, opus_wikipedia
VERSION 1.0.0 : 2023-10-26 04:01:48 : 	COLUMNS: id, en, es
VERSION 1.0.0 : 2023-10-26 04:01:48 : 	ROWS: 1904898
VERSION 1.0.0 : 2023-10-26 04:01:49 : METRIC: sacrebleu using score
VERSION 1.0.0 : 2023-10-26 04:03:28 : ===================== RUN =====================
VERSION 1.0.0 : 2023-10-26 04:03:28 : MODEL: facebook/nllb-200-distilled-600M on cuda
VERSION 1.0.0 : 2023-10-26 04:03:37 : DATASET(S): opus_books, opus_wikipedia
VERSION 1.0.0 : 2023-10-26 04:03:39 : 	COLUMNS: id, en, es
VERSION 1.0.0 : 2023-10-26 04:03:39 : 	ROWS: 1904898
VERSION 1.0.0 : 2023-10-26 04:03:39 : METRIC: sacrebleu using score
VERSION 1.0.0 : 2023-10-26 04:04:51 : ===================== RUN =====================
VERSION 1.0.0 : 2023-10-26 04:04:51 : MODEL: facebook/nllb-200-distilled-600M on cuda
VERSION 1.0.0 : 2023-10-26 04:05:01 : DATASET(S): opus_books, opus_wikipedia
VERSION 1.0.0 : 2023-10-26 04:05:03 : 	COLUMNS: id, en, es
VERSION 1.0.0 : 2023-10-26 04:05:03 : 	ROWS: 1904898
VERSION 1.0.0 : 2023-10-26 04:05:03 : METRIC: sacrebleu using score
VERSION 1.0.0 : 2023-10-26 04:11:11 : ===================== RUN =====================
VERSION 1.0.0 : 2023-10-26 04:11:11 : MODEL: facebook/nllb-200-distilled-600M on cuda
VERSION 1.0.0 : 2023-10-26 04:11:21 : DATASET(S): opus_books, opus_wikipedia
VERSION 1.0.0 : 2023-10-26 04:11:23 : 	COLUMNS: id, en, es
VERSION 1.0.0 : 2023-10-26 04:11:23 : 	ROWS: 1904898
VERSION 1.0.0 : 2023-10-26 04:11:23 : METRIC: sacrebleu using score
VERSION 1.0.0 : 2023-10-26 04:12:35 : ===================== RUN =====================
VERSION 1.0.0 : 2023-10-26 04:12:35 : MODEL: facebook/nllb-200-distilled-600M on cuda
VERSION 1.0.0 : 2023-10-26 04:12:45 : DATASET(S): opus_books, opus_wikipedia
VERSION 1.0.0 : 2023-10-26 04:12:47 : 	COLUMNS: id, en, es
VERSION 1.0.0 : 2023-10-26 04:12:47 : 	ROWS: 1904898
VERSION 1.0.0 : 2023-10-26 04:12:47 : METRIC: sacrebleu using score
VERSION 1.0.0 : 2023-10-26 04:13:41 : ===================== RUN =====================
VERSION 1.0.0 : 2023-10-26 04:13:41 : MODEL: facebook/nllb-200-distilled-600M on cuda
VERSION 1.0.0 : 2023-10-26 04:13:50 : DATASET(S): opus_books, opus_wikipedia
VERSION 1.0.0 : 2023-10-26 04:13:52 : 	COLUMNS: id, en, es
VERSION 1.0.0 : 2023-10-26 04:13:52 : 	ROWS: 1904898
VERSION 1.0.0 : 2023-10-26 04:13:52 : METRIC: sacrebleu using score
VERSION 1.0.0 : 2023-10-26 04:18:22 : ===================== RUN =====================
VERSION 1.0.0 : 2023-10-26 04:18:23 : MODEL: facebook/nllb-200-distilled-600M on cuda
VERSION 1.0.0 : 2023-10-26 04:18:32 : DATASET(S): opus_books, opus_wikipedia
VERSION 1.0.0 : 2023-10-26 04:18:34 : 	COLUMNS: id, en, es
VERSION 1.0.0 : 2023-10-26 04:18:34 : 	ROWS: 1904898
VERSION 1.0.0 : 2023-10-26 04:18:34 : METRIC: sacrebleu using score
VERSION 1.0.0 : 2023-10-26 04:19:19 : ===================== RUN =====================
VERSION 1.0.0 : 2023-10-26 04:19:19 : MODEL: facebook/nllb-200-distilled-600M on cuda
VERSION 1.0.0 : 2023-10-26 04:19:29 : DATASET(S): opus_books, opus_wikipedia
VERSION 1.0.0 : 2023-10-26 04:19:31 : 	COLUMNS: id, en, es
VERSION 1.0.0 : 2023-10-26 04:19:31 : 	ROWS: 1904898
VERSION 1.0.0 : 2023-10-26 04:19:31 : METRIC: sacrebleu using score
VERSION 1.0.0 : 2023-10-26 04:21:10 : ===================== RUN =====================
VERSION 1.0.0 : 2023-10-26 04:21:10 : MODEL: facebook/nllb-200-distilled-600M on cuda
VERSION 1.0.0 : 2023-10-26 04:21:20 : DATASET(S): opus_books, opus_wikipedia
VERSION 1.0.0 : 2023-10-26 04:21:22 : 	COLUMNS: id, en, es
VERSION 1.0.0 : 2023-10-26 04:21:22 : 	ROWS: 1904898
VERSION 1.0.0 : 2023-10-26 04:21:22 : METRIC: sacrebleu using score
VERSION 1.0.0 : 2023-10-26 04:25:53 : ===================== RUN =====================
VERSION 1.0.0 : 2023-10-26 04:25:53 : MODEL: facebook/nllb-200-distilled-600M on cuda
VERSION 1.0.0 : 2023-10-26 04:26:02 : DATASET(S): opus_books, opus_wikipedia
VERSION 1.0.0 : 2023-10-26 04:26:04 : 	COLUMNS: id, en, es
VERSION 1.0.0 : 2023-10-26 04:26:04 : 	ROWS: 1904898
VERSION 1.0.0 : 2023-10-26 04:26:04 : METRIC: sacrebleu using score
VERSION 1.0.0 : 2023-10-26 04:30:38 : ===================== RUN =====================
VERSION 1.0.0 : 2023-10-26 04:30:38 : MODEL: facebook/nllb-200-distilled-600M on cuda
VERSION 1.0.0 : 2023-10-26 04:30:48 : DATASET(S): opus_books, opus_wikipedia
VERSION 1.0.0 : 2023-10-26 04:30:50 : 	COLUMNS: id, en, es
VERSION 1.0.0 : 2023-10-26 04:30:50 : 	ROWS: 1904898
VERSION 1.0.0 : 2023-10-26 04:30:50 : METRIC: sacrebleu using score
VERSION 1.0.0 : 2023-10-26 04:36:18 : ===================== RUN =====================
VERSION 1.0.0 : 2023-10-26 04:36:18 : MODEL: facebook/nllb-200-distilled-600M on cuda
VERSION 1.0.0 : 2023-10-26 04:36:27 : DATASET(S): opus_books, opus_wikipedia
VERSION 1.0.0 : 2023-10-26 04:36:29 : 	COLUMNS: id, en, es
VERSION 1.0.0 : 2023-10-26 04:36:29 : 	ROWS: 1904898
VERSION 1.0.0 : 2023-10-26 04:36:29 : METRIC: sacrebleu using score
VERSION 1.0.0 : 2023-10-26 04:40:54 : ===================== RUN =====================
VERSION 1.0.0 : 2023-10-26 04:40:54 : MODEL: facebook/nllb-200-distilled-600M on cuda
VERSION 1.0.0 : 2023-10-26 04:41:04 : DATASET(S): opus_books, opus_wikipedia
VERSION 1.0.0 : 2023-10-26 04:41:06 : 	COLUMNS: id, en, es
VERSION 1.0.0 : 2023-10-26 04:41:06 : 	ROWS: 1904898
VERSION 1.0.0 : 2023-10-26 04:41:06 : METRIC: sacrebleu using score
VERSION 1.0.0 : 2023-10-26 04:41:46 : ===================== RUN =====================
VERSION 1.0.0 : 2023-10-26 04:41:46 : MODEL: facebook/nllb-200-distilled-600M on cuda
VERSION 1.0.0 : 2023-10-26 04:41:55 : DATASET(S): opus_books, opus_wikipedia
VERSION 1.0.0 : 2023-10-26 04:41:58 : 	COLUMNS: id, en, es
VERSION 1.0.0 : 2023-10-26 04:41:58 : 	ROWS: 1904898
VERSION 1.0.0 : 2023-10-26 04:41:58 : METRIC: sacrebleu using score
VERSION 1.0.0 : 2023-10-26 04:44:25 : ===================== RUN =====================
VERSION 1.0.0 : 2023-10-26 04:44:25 : MODEL: facebook/nllb-200-distilled-600M on cuda
VERSION 1.0.0 : 2023-10-26 04:44:35 : DATASET(S): opus_books, opus_wikipedia
VERSION 1.0.0 : 2023-10-26 04:44:37 : 	COLUMNS: id, en, es
VERSION 1.0.0 : 2023-10-26 04:44:37 : 	ROWS: 1904898
VERSION 1.0.0 : 2023-10-26 04:44:37 : METRIC: sacrebleu using score
